[15:29:15] [main/INFO] (FabricLoader/GameProvider) Loading Minecraft 1.19.3 with Fabric Loader 0.14.21
[15:29:15] [main/INFO] (FabricLoader) Loading 46 mods:
	- fabric-api 0.76.1+1.19.3
	- fabric-api-base 0.4.21+70be179c85
	- fabric-api-lookup-api-v1 1.6.20+49abcf7e85
	- fabric-biome-api-v1 12.1.2+f1c68e5885
	- fabric-block-api-v1 1.0.5+e022e5d185
	- fabric-blockrenderlayer-v1 1.1.31+928d44d585
	- fabric-client-tags-api-v1 1.0.12+1134c5b885
	- fabric-command-api-v2 2.2.2+2961b4a085
	- fabric-content-registries-v0 3.5.3+1d37d50285
	- fabric-convention-tags-v1 1.3.0+521b5c5285
	- fabric-crash-report-info-v1 0.2.14+aeb40ebe85
	- fabric-data-generation-api-v1 11.3.3+40dc7a9485
	- fabric-dimensions-v1 2.1.42+00a2eb1085
	- fabric-entity-events-v1 1.5.7+b83334a085
	- fabric-events-interaction-v0 0.4.40+3baeb27a85
	- fabric-game-rule-api-v1 1.0.30+99f9db8085
	- fabric-gametest-api-v1 1.2.2+2ff127f585
	- fabric-item-api-v1 2.1.11+71b8257385
	- fabric-item-group-api-v1 2.1.14+b5470ac785
	- fabric-key-binding-api-v1 1.0.31+bc01e09785
	- fabric-lifecycle-events-v1 2.2.10+23a79c8a85
	- fabric-loot-api-v2 1.1.22+75e9821185
	- fabric-message-api-v1 5.1.0+c85585f885
	- fabric-mining-level-api-v1 2.1.33+49abcf7e85
	- fabric-models-v0 0.3.27+11ba9c3b85
	- fabric-networking-api-v1 1.2.17+4017a8cb85
	- fabric-object-builder-api-v1 5.4.3+eb2a3ba985
	- fabric-particles-v1 1.0.20+f1e4495b85
	- fabric-recipe-api-v1 1.0.1+5176f73d85
	- fabric-registry-sync-v0 2.1.0+f7b4d36485
	- fabric-renderer-api-v1 2.2.2+3a95925a85
	- fabric-renderer-indigo 0.8.0+3a95925a85
	- fabric-rendering-data-attachment-v1 0.3.25+afca2f3e85
	- fabric-rendering-fluids-v1 3.0.18+f1e4495b85
	- fabric-rendering-v1 1.13.0+ad17775585
	- fabric-resource-conditions-api-v1 2.3.0+e63306e085
	- fabric-resource-loader-v0 0.11.1+b93ffe4d85
	- fabric-screen-api-v1 1.0.41+f1e4495b85
	- fabric-screen-handler-api-v1 1.3.13+99f9db8085
	- fabric-sound-api-v1 1.0.8+75e9821185
	- fabric-transfer-api-v1 2.1.15+ccd377ba85
	- fabric-transitive-access-wideners-v1 2.3.1+40dc7a9485
	- fabricloader 0.14.21
	- java 17
	- marlowclient 1.19.3-0.3
	- minecraft 1.19.3
[15:29:15] [main/INFO] (FabricLoader/Mixin) SpongePowered MIXIN Subsystem Version=0.8.5 Source=file:/C:/Users/Dino/.gradle/caches/modules-2/files-2.1/net.fabricmc/sponge-mixin/0.12.5+mixin.0.8.5/8d31fb97c3e0cd7c8dad3441851c523bcfae6d8e/sponge-mixin-0.12.5+mixin.0.8.5.jar Service=Knot/Fabric Env=CLIENT
[15:29:15] [main/INFO] (FabricLoader/Mixin) Loaded Fabric development mappings for mixin remapper!
[15:29:15] [main/INFO] (FabricLoader/Mixin) Compatibility level set to JAVA_16
[15:29:15] [main/INFO] (FabricLoader/Mixin) Compatibility level set to JAVA_17
[15:29:21] [main/INFO] (Minecraft) Building optimized datafixer
[15:29:24] [Render thread/INFO] (Minecraft) Environment: authHost='https://authserver.mojang.com', accountsHost='https://api.mojang.com', sessionHost='https://sessionserver.mojang.com', servicesHost='https://api.minecraftservices.com', name='PROD'
[15:29:25] [Render thread/ERROR] (Minecraft) Failed to verify authentication
com.mojang.authlib.exceptions.InvalidCredentialsException: Status: 401
	at com.mojang.authlib.exceptions.MinecraftClientHttpException.toAuthenticationException(MinecraftClientHttpException.java:56) ~[authlib-3.16.29.jar:?]
	at com.mojang.authlib.yggdrasil.YggdrasilUserApiService.fetchProperties(YggdrasilUserApiService.java:156) ~[authlib-3.16.29.jar:?]
	at com.mojang.authlib.yggdrasil.YggdrasilUserApiService.<init>(YggdrasilUserApiService.java:55) ~[authlib-3.16.29.jar:?]
	at com.mojang.authlib.yggdrasil.YggdrasilAuthenticationService.createUserApiService(YggdrasilAuthenticationService.java:161) ~[authlib-3.16.29.jar:?]
	at net.minecraft.client.MinecraftClient.createUserApiService(MinecraftClient.java:709) ~[minecraft-project-@-merged-named.jar:?]
	at net.minecraft.client.MinecraftClient.<init>(MinecraftClient.java:504) ~[minecraft-project-@-merged-named.jar:?]
	at net.minecraft.client.main.Main.main(Main.java:185) ~[minecraft-project-@-merged-named.jar:?]
	at net.minecraft.client.main.Main.main(Main.java:56) ~[minecraft-project-@-merged-named.jar:?]
	at net.fabricmc.loader.impl.game.minecraft.MinecraftGameProvider.launch(MinecraftGameProvider.java:468) ~[fabric-loader-0.14.21.jar:?]
	at net.fabricmc.loader.impl.launch.knot.Knot.launch(Knot.java:74) ~[fabric-loader-0.14.21.jar:?]
	at net.fabricmc.loader.impl.launch.knot.KnotClient.main(KnotClient.java:23) ~[fabric-loader-0.14.21.jar:?]
	at net.fabricmc.devlaunchinjector.Main.main(Main.java:86) ~[dev-launch-injector-0.2.1+build.8.jar:?]
Caused by: com.mojang.authlib.exceptions.MinecraftClientHttpException: Status: 401
	at com.mojang.authlib.minecraft.client.MinecraftClient.readInputStream(MinecraftClient.java:87) ~[authlib-3.16.29.jar:?]
	at com.mojang.authlib.minecraft.client.MinecraftClient.get(MinecraftClient.java:48) ~[authlib-3.16.29.jar:?]
	at com.mojang.authlib.yggdrasil.YggdrasilUserApiService.fetchProperties(YggdrasilUserApiService.java:129) ~[authlib-3.16.29.jar:?]
	... 10 more
[15:29:25] [Render thread/INFO] (Minecraft) Setting user: Player917
[15:29:25] [Render thread/INFO] (Minecraft) [STDOUT]: Loading Marlow Client
[15:29:25] [Render thread/INFO] (Minecraft) [STDOUT]: Marlow Client Loaded
[15:29:25] [Render thread/INFO] (Indigo) [Indigo] Registering Indigo renderer!
